<?xml version="1.0" encoding="utf-8"?><testsuites><testsuite name="pytest" errors="0" failures="0" skipped="0" tests="78" time="1.547" timestamp="2025-05-16T22:18:38.645578+00:00" hostname="fv-az798-452"><testcase classname="tests.test_decorators" name="test_hook_output_passed_to_source" time="0.001" /><testcase classname="tests.test_parser" name="test_parser_replaces_tokens_and_offsets[frame.##.exr-5-frame.05.exr]" time="0.003" /><testcase classname="tests.test_parser" name="test_parser_replaces_tokens_and_offsets[frame.##+1.exr-5-frame.06.exr]" time="0.001" /><testcase classname="tests.test_parser" name="test_parser_replaces_tokens_and_offsets[frame.###-2.exr-5-frame.003.exr]" time="0.001" /><testcase classname="tests.test_parser" name="test_parser_replaces_tokens_and_offsets[frame.####-7.exr-5-frame.-0002.exr]" time="0.001" /><testcase classname="tests.test_parser" name="test_parser_replaces_tokens_and_offsets[file##.exr--9-file-09.exr]" time="0.001" /><testcase classname="tests.test_parser" name="test_parser_replaces_tokens_and_offsets[frame.@@.exr-5-frame.5.exr]" time="0.002" /><testcase classname="tests.test_parser" name="test_parser_replaces_tokens_and_offsets[frame.@@+1.exr-5-frame.6.exr]" time="0.001" /><testcase classname="tests.test_parser" name="test_parser_replaces_tokens_and_offsets[frame.@@-4.exr-5-frame.1.exr]" time="0.001" /><testcase classname="tests.test_parser" name="test_parser_replaces_tokens_and_offsets[frame.@@-6.exr-5-frame.-1.exr]" time="0.001" /><testcase classname="tests.test_seqchk" name="test_app_reports_version" time="0.004" /><testcase classname="tests.test_seqchk" name="test_seqchk_calls_glob_with_pattern" time="0.051" /><testcase classname="tests.test_seqchk" name="test_seqchk_calls_fileseq_without_pattern" time="0.028" /><testcase classname="tests.test_seqchk" name="test_seqchk_calls_pillow" time="0.026" /><testcase classname="tests.test_seqchk" name="test_seqchk_calls_openexr" time="0.008" /><testcase classname="tests.test_seqchk" name="test_seqchk_honors_dry_run_with_exr" time="0.005" /><testcase classname="tests.test_seqchk" name="test_seqchk_honors_verbose_option_with_exr" time="0.008" /><testcase classname="tests.test_seqcp" name="test_app_reports_version" time="0.003" /><testcase classname="tests.test_seqcp" name="test_seqcp_calls_shutil_copy2" time="0.007" /><testcase classname="tests.test_seqcp" name="test_seqcp_honors_dry_run" time="0.004" /><testcase classname="tests.test_seqcp" name="test_seqcp_honors_verbose_option" time="0.007" /><testcase classname="tests.test_seqcp" name="test_seqcp_honors_interactive_option_yes" time="0.004" /><testcase classname="tests.test_seqcp" name="test_seqcp_honors_interactive_option_no" time="0.004" /><testcase classname="tests.test_seqdo" name="test_app_reports_version" time="0.002" /><testcase classname="tests.test_seqdo" name="test_seqdo_calls_subprocess_run_with_shell_true" time="0.007" /><testcase classname="tests.test_seqdo" name="test_seqdo_honors_dry_run" time="0.004" /><testcase classname="tests.test_seqexp" name="test_app_reports_version" time="0.002" /><testcase classname="tests.test_seqexp" name="test_seqexp_expands_list_compact[1-5-1 2 3 4 5\n-1\n2\n3\n4\n5\n]" time="0.003" /><testcase classname="tests.test_seqexp" name="test_seqexp_expands_list_compact[1-5,7-9-1 2 3 4 5 7 8 9\n-1\n2\n3\n4\n5\n7\n8\n9\n]" time="0.002" /><testcase classname="tests.test_seqexp" name="test_seqexp_expands_list_compact[1-10x3-1 4 7 10\n-1\n4\n7\n10\n]" time="0.002" /><testcase classname="tests.test_seqexp" name="test_seqexp_expands_list_compact[10-20y5-11 12 13 14 16 17 18 19\n-11\n12\n13\n14\n16\n17\n18\n19\n]" time="0.002" /><testcase classname="tests.test_seqexp" name="test_seqexp_expands_list_compact[3-10:3-3 6 9 5 7 4 8 10\n-3\n6\n9\n5\n7\n4\n8\n10\n]" time="0.002" /><testcase classname="tests.test_seqexp" name="test_seqexp_expands_list_compact[-3-5--3 -2 -1 0 1 2 3 4 5\n--3\n-2\n-1\n0\n1\n2\n3\n4\n5\n]" time="0.002" /><testcase classname="tests.test_seqexp" name="test_seqexp_expands_list_long[1-5-1 2 3 4 5\n-1\n2\n3\n4\n5\n]" time="0.002" /><testcase classname="tests.test_seqexp" name="test_seqexp_expands_list_long[1-5,7-9-1 2 3 4 5 7 8 9\n-1\n2\n3\n4\n5\n7\n8\n9\n]" time="0.002" /><testcase classname="tests.test_seqexp" name="test_seqexp_expands_list_long[1-10x3-1 4 7 10\n-1\n4\n7\n10\n]" time="0.003" /><testcase classname="tests.test_seqexp" name="test_seqexp_expands_list_long[10-20y5-11 12 13 14 16 17 18 19\n-11\n12\n13\n14\n16\n17\n18\n19\n]" time="0.002" /><testcase classname="tests.test_seqexp" name="test_seqexp_expands_list_long[3-10:3-3 6 9 5 7 4 8 10\n-3\n6\n9\n5\n7\n4\n8\n10\n]" time="0.002" /><testcase classname="tests.test_seqexp" name="test_seqexp_expands_list_long[-3-5--3 -2 -1 0 1 2 3 4 5\n--3\n-2\n-1\n0\n1\n2\n3\n4\n5\n]" time="0.002" /><testcase classname="tests.test_seqexp" name="test_seqexp_expands_list_compact_padded[1-5-4-0001 0002 0003 0004 0005\n-0001\n0002\n0003\n0004\n0005\n]" time="0.003" /><testcase classname="tests.test_seqexp" name="test_seqexp_expands_list_compact_padded[1-5,7-9-3-001 002 003 004 005 007 008 009\n-001\n002\n003\n004\n005\n007\n008\n009\n]" time="0.002" /><testcase classname="tests.test_seqexp" name="test_seqexp_expands_list_compact_padded[1-10x3-2-01 04 07 10\n-01\n04\n07\n10\n]" time="0.002" /><testcase classname="tests.test_seqexp" name="test_seqexp_expands_list_compact_padded[10-20y5-0-11 12 13 14 16 17 18 19\n-11\n12\n13\n14\n16\n17\n18\n19\n]" time="0.002" /><testcase classname="tests.test_seqexp" name="test_seqexp_expands_list_compact_padded[3-10:3-1-3 6 9 5 7 4 8 10\n-3\n6\n9\n5\n7\n4\n8\n10\n]" time="0.003" /><testcase classname="tests.test_seqexp" name="test_seqexp_expands_list_compact_padded[-3-5-2--03 -02 -01 00 01 02 03 04 05\n--03\n-02\n-01\n00\n01\n02\n03\n04\n05\n]" time="0.002" /><testcase classname="tests.test_seqexp" name="test_seqexp_expands_list_long_padded[1-5-4-0001 0002 0003 0004 0005\n-0001\n0002\n0003\n0004\n0005\n]" time="0.002" /><testcase classname="tests.test_seqexp" name="test_seqexp_expands_list_long_padded[1-5,7-9-3-001 002 003 004 005 007 008 009\n-001\n002\n003\n004\n005\n007\n008\n009\n]" time="0.002" /><testcase classname="tests.test_seqexp" name="test_seqexp_expands_list_long_padded[1-10x3-2-01 04 07 10\n-01\n04\n07\n10\n]" time="0.003" /><testcase classname="tests.test_seqexp" name="test_seqexp_expands_list_long_padded[10-20y5-0-11 12 13 14 16 17 18 19\n-11\n12\n13\n14\n16\n17\n18\n19\n]" time="0.003" /><testcase classname="tests.test_seqexp" name="test_seqexp_expands_list_long_padded[3-10:3-1-3 6 9 5 7 4 8 10\n-3\n6\n9\n5\n7\n4\n8\n10\n]" time="0.002" /><testcase classname="tests.test_seqexp" name="test_seqexp_expands_list_long_padded[-3-5-2--03 -02 -01 00 01 02 03 04 05\n--03\n-02\n-01\n00\n01\n02\n03\n04\n05\n]" time="0.003" /><testcase classname="tests.test_seqgen" name="test_app_reports_version" time="0.002" /><testcase classname="tests.test_seqgen" name="test_seqgen_handles_spaces[1-5\n-1 2 3 4 5\n-1,2,3,4,5\n]" time="0.002" /><testcase classname="tests.test_seqgen" name="test_seqgen_handles_spaces[1-5,7-9\n-1 2 3 4 5 7 8 9\n-1,2,3,4,5,7,8,9\n]" time="0.002" /><testcase classname="tests.test_seqgen" name="test_seqgen_handles_spaces[1-10x3\n-1 4 7 10\n-1,4,7,10\n]" time="0.002" /><testcase classname="tests.test_seqgen" name="test_seqgen_handles_spaces[-3-5\n--3 -2 -1 0 1 2 3 4 5\n--3,-2,-1,0,1,2,3,4,5\n]" time="0.002" /><testcase classname="tests.test_seqgen" name="test_seqgen_handles_spaces[-3-11x2\n--3 -1 1 3 5 7 9 11\n--3,-1,1,3,5,7,9,11\n]" time="0.002" /><testcase classname="tests.test_seqgen" name="test_seqgen_handles_commas[1-5\n-1 2 3 4 5\n-1,2,3,4,5\n]" time="0.002" /><testcase classname="tests.test_seqgen" name="test_seqgen_handles_commas[1-5,7-9\n-1 2 3 4 5 7 8 9\n-1,2,3,4,5,7,8,9\n]" time="0.002" /><testcase classname="tests.test_seqgen" name="test_seqgen_handles_commas[1-10x3\n-1 4 7 10\n-1,4,7,10\n]" time="0.002" /><testcase classname="tests.test_seqgen" name="test_seqgen_handles_commas[-3-5\n--3 -2 -1 0 1 2 3 4 5\n--3,-2,-1,0,1,2,3,4,5\n]" time="0.002" /><testcase classname="tests.test_seqgen" name="test_seqgen_handles_commas[-3-11x2\n--3 -1 1 3 5 7 9 11\n--3,-1,1,3,5,7,9,11\n]" time="0.002" /><testcase classname="tests.test_seqls" name="test_app_reports_version" time="0.002" /><testcase classname="tests.test_seqls" name="test_seqls_calls_glob_with_pattern" time="0.003" /><testcase classname="tests.test_seqls" name="test_seqls_calls_fileseq_without_pattern" time="0.003" /><testcase classname="tests.test_seqls" name="test_seqls_honors_missing_frame_option" time="0.003" /><testcase classname="tests.test_seqmv" name="test_app_reports_version" time="0.003" /><testcase classname="tests.test_seqmv" name="test_seqmv_calls_shutil_move" time="0.007" /><testcase classname="tests.test_seqmv" name="test_seqmv_honors_dry_run" time="0.004" /><testcase classname="tests.test_seqmv" name="test_seqmv_honors_verbose_option" time="0.007" /><testcase classname="tests.test_seqmv" name="test_seqmv_honors_interactive_option_yes" time="0.004" /><testcase classname="tests.test_seqmv" name="test_seqmv_honors_interactive_option_no" time="0.004" /><testcase classname="tests.test_seqrm" name="test_app_reports_version" time="0.003" /><testcase classname="tests.test_seqrm" name="test_seqrm_calls_pathlib_unlink" time="0.007" /><testcase classname="tests.test_seqrm" name="test_seqrm_honors_dry_run" time="0.004" /><testcase classname="tests.test_seqrm" name="test_seqrm_honors_verbose_option" time="0.007" /><testcase classname="tests.test_seqrm" name="test_seqrm_honors_interactive_option_yes" time="0.004" /><testcase classname="tests.test_seqrm" name="test_seqrm_honors_interactive_option_no" time="0.004" /></testsuite></testsuites>